<?xml version="1.0" encoding="UTF-8"?>
<!-- Generated by org.testng.reporters.JUnitReportReporter -->
<testsuite hostname="DESKTOP-95QHTH0" failures="0" tests="3" name="com.qa.testscripts.AutomationPanda_001" time="5.170" errors="0" timestamp="2023-08-07T21:26:08 IST" skipped="0">
  <testcase classname="com.qa.testscripts.AutomationPanda_001" name="checkTitle" time="0.024"/>
  <system-out/>
  <testcase classname="com.qa.testscripts.AutomationPanda_001" name="checkContactButton" time="0.945"/>
  <system-out/>
  <testcase classname="com.qa.testscripts.AutomationPanda_001" name="checkSubmit" time="4.201"/>
  <system-out/>
</testsuite> <!-- com.qa.testscripts.AutomationPanda_001 -->
